  main.cpp
d:\profiles\njp2424\desktop\physics\level6\physics-sphere-obb3d-mastervs2019\sphere_obb_collision_3d\main.cpp(210): warning C4244: '=': conversion from 'double' to 'T', possible loss of data
          with
          [
              T=float
          ]
d:\profiles\njp2424\desktop\physics\level6\physics-sphere-obb3d-mastervs2019\sphere_obb_collision_3d\main.cpp(211): warning C4244: '=': conversion from 'double' to 'T', possible loss of data
          with
          [
              T=float
          ]
d:\profiles\njp2424\desktop\physics\level6\physics-sphere-obb3d-mastervs2019\sphere_obb_collision_3d\main.cpp(212): warning C4244: '=': conversion from 'double' to 'T', possible loss of data
          with
          [
              T=float
          ]
d:\profiles\njp2424\desktop\physics\level6\physics-sphere-obb3d-mastervs2019\sphere_obb_collision_3d\main.cpp(218): warning C4244: '=': conversion from 'double' to 'T', possible loss of data
          with
          [
              T=float
          ]
d:\profiles\njp2424\desktop\physics\level6\physics-sphere-obb3d-mastervs2019\sphere_obb_collision_3d\main.cpp(219): warning C4244: '=': conversion from 'double' to 'T', possible loss of data
          with
          [
              T=float
          ]
d:\profiles\njp2424\desktop\physics\level6\physics-sphere-obb3d-mastervs2019\sphere_obb_collision_3d\main.cpp(220): warning C4244: '=': conversion from 'double' to 'T', possible loss of data
          with
          [
              T=float
          ]
d:\profiles\njp2424\desktop\physics\level6\physics-sphere-obb3d-mastervs2019\sphere_obb_collision_3d\main.cpp(226): warning C4244: '=': conversion from 'double' to 'T', possible loss of data
          with
          [
              T=float
          ]
d:\profiles\njp2424\desktop\physics\level6\physics-sphere-obb3d-mastervs2019\sphere_obb_collision_3d\main.cpp(227): warning C4244: '=': conversion from 'double' to 'T', possible loss of data
          with
          [
              T=float
          ]
d:\profiles\njp2424\desktop\physics\level6\physics-sphere-obb3d-mastervs2019\sphere_obb_collision_3d\main.cpp(228): warning C4244: '=': conversion from 'double' to 'T', possible loss of data
          with
          [
              T=float
          ]
d:\profiles\njp2424\desktop\physics\level6\physics-sphere-obb3d-mastervs2019\sphere_obb_collision_3d\main.cpp(234): warning C4244: '=': conversion from 'double' to 'T', possible loss of data
          with
          [
              T=float
          ]
d:\profiles\njp2424\desktop\physics\level6\physics-sphere-obb3d-mastervs2019\sphere_obb_collision_3d\main.cpp(235): warning C4244: '=': conversion from 'double' to 'T', possible loss of data
          with
          [
              T=float
          ]
d:\profiles\njp2424\desktop\physics\level6\physics-sphere-obb3d-mastervs2019\sphere_obb_collision_3d\main.cpp(236): warning C4244: '=': conversion from 'double' to 'T', possible loss of data
          with
          [
              T=float
          ]
d:\profiles\njp2424\desktop\physics\level6\physics-sphere-obb3d-mastervs2019\sphere_obb_collision_3d\main.cpp(582): warning C4244: '=': conversion from 'double' to 'T', possible loss of data
          with
          [
              T=float
          ]
d:\profiles\njp2424\desktop\physics\level6\physics-sphere-obb3d-mastervs2019\sphere_obb_collision_3d\main.cpp(583): warning C4244: '=': conversion from 'double' to 'T', possible loss of data
          with
          [
              T=float
          ]
d:\profiles\njp2424\desktop\physics\level6\physics-sphere-obb3d-mastervs2019\sphere_obb_collision_3d\main.cpp(654): warning C4326: return type of 'main' should be 'int' instead of 'void'
  Sphere_OBB_Collision_3D.vcxproj -> D:\Profiles\njp2424\Desktop\Physics\level6\physics-sphere-OBB3D-masterVS2019\Sphere_OBB_Collision_3D\Debug\Sphere_OBB_Collision_3D.exe
